[0.696s] Invoking command in '/home/saito/ros2_ws/src/mypkg/build/mypkg': PYTHONPATH=/home/saito/ros2_ws/src/mypkg/build/mypkg/prefix_override:/usr/lib/python3/dist-packages/colcon_core/task/python/colcon_distutils_commands:/home/saito/ros2_ws/src/mypkg/install/mypkg/lib/python3.12/site-packages:${PYTHONPATH} /usr/bin/python3 -W ignore:setup.py install is deprecated -W ignore:easy_install command is deprecated setup.py develop --editable --build-directory /home/saito/ros2_ws/src/mypkg/build/mypkg/build --no-deps symlink_data
[0.956s] running develop
[1.105s] running egg_info
[1.105s] creating mypkg.egg-info
[1.120s] writing mypkg.egg-info/PKG-INFO
[1.120s] writing dependency_links to mypkg.egg-info/dependency_links.txt
[1.121s] writing entry points to mypkg.egg-info/entry_points.txt
[1.121s] writing requirements to mypkg.egg-info/requires.txt
[1.121s] writing top-level names to mypkg.egg-info/top_level.txt
[1.121s] writing manifest file 'mypkg.egg-info/SOURCES.txt'
[1.161s] reading manifest file 'mypkg.egg-info/SOURCES.txt'
[1.162s] writing manifest file 'mypkg.egg-info/SOURCES.txt'
[1.169s] running build_ext
[1.170s] Creating /home/saito/ros2_ws/src/mypkg/install/mypkg/lib/python3.12/site-packages/mypkg.egg-link (link to .)
[1.171s] Installing listener script to /home/saito/ros2_ws/src/mypkg/install/mypkg/lib/mypkg
[1.171s] Installing talker script to /home/saito/ros2_ws/src/mypkg/install/mypkg/lib/mypkg
[1.171s] 
[1.171s] Installed /home/saito/ros2_ws/src/mypkg/build/mypkg
[1.171s] running symlink_data
[1.171s] creating /home/saito/ros2_ws/src/mypkg/install/mypkg/share/ament_index
[1.172s] creating /home/saito/ros2_ws/src/mypkg/install/mypkg/share/ament_index/resource_index
[1.172s] creating /home/saito/ros2_ws/src/mypkg/install/mypkg/share/ament_index/resource_index/packages
[1.172s] symbolically linking /home/saito/ros2_ws/src/mypkg/build/mypkg/resource/mypkg -> /home/saito/ros2_ws/src/mypkg/install/mypkg/share/ament_index/resource_index/packages
[1.172s] symbolically linking /home/saito/ros2_ws/src/mypkg/build/mypkg/package.xml -> /home/saito/ros2_ws/src/mypkg/install/mypkg/share/mypkg
[1.207s] Invoked command in '/home/saito/ros2_ws/src/mypkg/build/mypkg' returned '0': PYTHONPATH=/home/saito/ros2_ws/src/mypkg/build/mypkg/prefix_override:/usr/lib/python3/dist-packages/colcon_core/task/python/colcon_distutils_commands:/home/saito/ros2_ws/src/mypkg/install/mypkg/lib/python3.12/site-packages:${PYTHONPATH} /usr/bin/python3 -W ignore:setup.py install is deprecated -W ignore:easy_install command is deprecated setup.py develop --editable --build-directory /home/saito/ros2_ws/src/mypkg/build/mypkg/build --no-deps symlink_data
