[0.915s] Invoking command in '/home/saito/ros2_ws/src/mypkg': PYTHONPATH=/home/saito/ros2_ws/src/mypkg/build/mypkg/prefix_override:/usr/lib/python3/dist-packages/colcon_core/task/python/colcon_distutils_commands:/home/saito/ros2_ws/src/mypkg/install/mypkg/lib/python3.12/site-packages:${PYTHONPATH} /usr/bin/python3 -W ignore:setup.py install is deprecated -W ignore:easy_install command is deprecated setup.py egg_info --egg-base build/mypkg build --build-base /home/saito/ros2_ws/src/mypkg/build/mypkg/build install --record /home/saito/ros2_ws/src/mypkg/build/mypkg/install.log --single-version-externally-managed install_data
[1.095s] running egg_info
[1.095s] creating build/mypkg/mypkg.egg-info
[1.104s] writing build/mypkg/mypkg.egg-info/PKG-INFO
[1.105s] writing dependency_links to build/mypkg/mypkg.egg-info/dependency_links.txt
[1.105s] writing entry points to build/mypkg/mypkg.egg-info/entry_points.txt
[1.105s] writing requirements to build/mypkg/mypkg.egg-info/requires.txt
[1.105s] writing top-level names to build/mypkg/mypkg.egg-info/top_level.txt
[1.105s] writing manifest file 'build/mypkg/mypkg.egg-info/SOURCES.txt'
[1.138s] reading manifest file 'build/mypkg/mypkg.egg-info/SOURCES.txt'
[1.139s] writing manifest file 'build/mypkg/mypkg.egg-info/SOURCES.txt'
[1.139s] running build
[1.139s] running build_py
[1.140s] creating /home/saito/ros2_ws/src/mypkg/build/mypkg/build
[1.140s] creating /home/saito/ros2_ws/src/mypkg/build/mypkg/build/lib
[1.140s] creating /home/saito/ros2_ws/src/mypkg/build/mypkg/build/lib/mypkg
[1.141s] copying mypkg/__init__.py -> /home/saito/ros2_ws/src/mypkg/build/mypkg/build/lib/mypkg
[1.141s] copying mypkg/talker.py -> /home/saito/ros2_ws/src/mypkg/build/mypkg/build/lib/mypkg
[1.142s] copying mypkg/listener.py -> /home/saito/ros2_ws/src/mypkg/build/mypkg/build/lib/mypkg
[1.142s] running install
[1.146s] running install_lib
[1.155s] creating /home/saito/ros2_ws/src/mypkg/install/mypkg/lib/python3.12/site-packages/mypkg
[1.155s] copying /home/saito/ros2_ws/src/mypkg/build/mypkg/build/lib/mypkg/__init__.py -> /home/saito/ros2_ws/src/mypkg/install/mypkg/lib/python3.12/site-packages/mypkg
[1.156s] copying /home/saito/ros2_ws/src/mypkg/build/mypkg/build/lib/mypkg/talker.py -> /home/saito/ros2_ws/src/mypkg/install/mypkg/lib/python3.12/site-packages/mypkg
[1.156s] copying /home/saito/ros2_ws/src/mypkg/build/mypkg/build/lib/mypkg/listener.py -> /home/saito/ros2_ws/src/mypkg/install/mypkg/lib/python3.12/site-packages/mypkg
[1.157s] byte-compiling /home/saito/ros2_ws/src/mypkg/install/mypkg/lib/python3.12/site-packages/mypkg/__init__.py to __init__.cpython-312.pyc
[1.158s] byte-compiling /home/saito/ros2_ws/src/mypkg/install/mypkg/lib/python3.12/site-packages/mypkg/talker.py to talker.cpython-312.pyc
[1.159s] byte-compiling /home/saito/ros2_ws/src/mypkg/install/mypkg/lib/python3.12/site-packages/mypkg/listener.py to listener.cpython-312.pyc
[1.159s] running install_data
[1.160s] creating /home/saito/ros2_ws/src/mypkg/install/mypkg/share/ament_index
[1.160s] creating /home/saito/ros2_ws/src/mypkg/install/mypkg/share/ament_index/resource_index
[1.160s] creating /home/saito/ros2_ws/src/mypkg/install/mypkg/share/ament_index/resource_index/packages
[1.161s] copying resource/mypkg -> /home/saito/ros2_ws/src/mypkg/install/mypkg/share/ament_index/resource_index/packages
[1.161s] copying package.xml -> /home/saito/ros2_ws/src/mypkg/install/mypkg/share/mypkg
[1.161s] running install_egg_info
[1.174s] Copying build/mypkg/mypkg.egg-info to /home/saito/ros2_ws/src/mypkg/install/mypkg/lib/python3.12/site-packages/mypkg-0.0.1-py3.12.egg-info
[1.175s] running install_scripts
[1.265s] Installing listener script to /home/saito/ros2_ws/src/mypkg/install/mypkg/lib/mypkg
[1.266s] Installing talker script to /home/saito/ros2_ws/src/mypkg/install/mypkg/lib/mypkg
[1.266s] writing list of installed files to '/home/saito/ros2_ws/src/mypkg/build/mypkg/install.log'
[1.290s] Invoked command in '/home/saito/ros2_ws/src/mypkg' returned '0': PYTHONPATH=/home/saito/ros2_ws/src/mypkg/build/mypkg/prefix_override:/usr/lib/python3/dist-packages/colcon_core/task/python/colcon_distutils_commands:/home/saito/ros2_ws/src/mypkg/install/mypkg/lib/python3.12/site-packages:${PYTHONPATH} /usr/bin/python3 -W ignore:setup.py install is deprecated -W ignore:easy_install command is deprecated setup.py egg_info --egg-base build/mypkg build --build-base /home/saito/ros2_ws/src/mypkg/build/mypkg/build install --record /home/saito/ros2_ws/src/mypkg/build/mypkg/install.log --single-version-externally-managed install_data
