[0.124s] DEBUG:colcon:Command line arguments: ['/usr/bin/colcon', 'build', '--symlink-install']
[0.124s] DEBUG:colcon:Parsed command line arguments: Namespace(log_base=None, log_level=None, verb_name='build', build_base='build', install_base='install', merge_install=False, symlink_install=True, test_result_base=None, continue_on_error=False, executor='parallel', parallel_workers=14, event_handlers=None, ignore_user_meta=False, metas=['./colcon.meta'], base_paths=['.'], packages_ignore=None, packages_ignore_regex=None, paths=None, packages_up_to=None, packages_up_to_regex=None, packages_above=None, packages_above_and_dependencies=None, packages_above_depth=None, packages_select_by_dep=None, packages_skip_by_dep=None, packages_skip_up_to=None, packages_select_build_failed=False, packages_skip_build_finished=False, packages_select_test_failures=False, packages_skip_test_passed=False, packages_select=None, packages_skip=None, packages_select_regex=None, packages_skip_regex=None, packages_start=None, packages_end=None, allow_overriding=[], cmake_args=None, cmake_target=None, cmake_target_skip_unavailable=False, cmake_clean_cache=False, cmake_clean_first=False, cmake_force_configure=False, ament_cmake_args=None, catkin_cmake_args=None, catkin_skip_building_tests=False, verb_parser=<colcon_defaults.argument_parser.defaults.DefaultArgumentsDecorator object at 0x73ace8f2ddc0>, verb_extension=<colcon_core.verb.build.BuildVerb object at 0x73ace90969c0>, main=<bound method BuildVerb.main of <colcon_core.verb.build.BuildVerb object at 0x73ace90969c0>>)
[0.164s] Level 1:colcon.colcon_core.package_discovery:discover_packages(colcon_meta) check parameters
[0.164s] Level 1:colcon.colcon_core.package_discovery:discover_packages(recursive) check parameters
[0.164s] Level 1:colcon.colcon_core.package_discovery:discover_packages(ignore) check parameters
[0.164s] Level 1:colcon.colcon_core.package_discovery:discover_packages(path) check parameters
[0.164s] Level 1:colcon.colcon_core.package_discovery:discover_packages(colcon_meta) discover
[0.164s] Level 1:colcon.colcon_core.package_discovery:discover_packages(recursive) discover
[0.164s] INFO:colcon.colcon_core.package_discovery:Crawling recursively for packages in '/home/saito/ros2_ws/src/mypkg'
[0.164s] Level 1:colcon.colcon_core.package_identification:_identify(.) by extensions ['ignore', 'ignore_ament_install']
[0.164s] Level 1:colcon.colcon_core.package_identification:_identify(.) by extension 'ignore'
[0.164s] Level 1:colcon.colcon_core.package_identification:_identify(.) by extension 'ignore_ament_install'
[0.164s] Level 1:colcon.colcon_core.package_identification:_identify(.) by extensions ['colcon_pkg']
[0.164s] Level 1:colcon.colcon_core.package_identification:_identify(.) by extension 'colcon_pkg'
[0.164s] Level 1:colcon.colcon_core.package_identification:_identify(.) by extensions ['colcon_meta']
[0.164s] Level 1:colcon.colcon_core.package_identification:_identify(.) by extension 'colcon_meta'
[0.164s] Level 1:colcon.colcon_core.package_identification:_identify(.) by extensions ['ros']
[0.164s] Level 1:colcon.colcon_core.package_identification:_identify(.) by extension 'ros'
[0.194s] DEBUG:colcon.colcon_core.package_identification:Package '.' with type 'ros.ament_python' and name 'mypkg'
[0.194s] Level 1:colcon.colcon_core.package_discovery:discover_packages(recursive) using defaults
[0.195s] Level 1:colcon.colcon_core.package_discovery:discover_packages(ignore) discover
[0.195s] Level 1:colcon.colcon_core.package_discovery:discover_packages(ignore) using defaults
[0.195s] Level 1:colcon.colcon_core.package_discovery:discover_packages(path) discover
[0.195s] Level 1:colcon.colcon_core.package_discovery:discover_packages(path) using defaults
[0.212s] Level 1:colcon.colcon_core.package_discovery:discover_packages(prefix_path) check parameters
[0.212s] Level 1:colcon.colcon_core.package_discovery:discover_packages(prefix_path) discover
[0.213s] DEBUG:colcon.colcon_installed_package_information.package_discovery:Found 1 installed packages in /home/saito/ros2_ws/install
[0.214s] DEBUG:colcon.colcon_installed_package_information.package_discovery:Found 285 installed packages in /opt/ros/jazzy
[0.215s] Level 1:colcon.colcon_core.package_discovery:discover_packages(prefix_path) using defaults
[0.242s] Level 5:colcon.colcon_core.verb:set package 'mypkg' build argument 'cmake_args' from command line to 'None'
[0.242s] Level 5:colcon.colcon_core.verb:set package 'mypkg' build argument 'cmake_target' from command line to 'None'
[0.242s] Level 5:colcon.colcon_core.verb:set package 'mypkg' build argument 'cmake_target_skip_unavailable' from command line to 'False'
[0.242s] Level 5:colcon.colcon_core.verb:set package 'mypkg' build argument 'cmake_clean_cache' from command line to 'False'
[0.242s] Level 5:colcon.colcon_core.verb:set package 'mypkg' build argument 'cmake_clean_first' from command line to 'False'
[0.242s] Level 5:colcon.colcon_core.verb:set package 'mypkg' build argument 'cmake_force_configure' from command line to 'False'
[0.242s] Level 5:colcon.colcon_core.verb:set package 'mypkg' build argument 'ament_cmake_args' from command line to 'None'
[0.242s] Level 5:colcon.colcon_core.verb:set package 'mypkg' build argument 'catkin_cmake_args' from command line to 'None'
[0.242s] Level 5:colcon.colcon_core.verb:set package 'mypkg' build argument 'catkin_skip_building_tests' from command line to 'False'
[0.242s] DEBUG:colcon.colcon_core.verb:Building package 'mypkg' with the following arguments: {'ament_cmake_args': None, 'build_base': '/home/saito/ros2_ws/src/mypkg/build/mypkg', 'catkin_cmake_args': None, 'catkin_skip_building_tests': False, 'cmake_args': None, 'cmake_clean_cache': False, 'cmake_clean_first': False, 'cmake_force_configure': False, 'cmake_target': None, 'cmake_target_skip_unavailable': False, 'install_base': '/home/saito/ros2_ws/src/mypkg/install/mypkg', 'merge_install': False, 'path': '/home/saito/ros2_ws/src/mypkg', 'symlink_install': True, 'test_result_base': None}
[0.242s] INFO:colcon.colcon_core.executor:Executing jobs using 'parallel' executor
[0.244s] DEBUG:colcon.colcon_parallel_executor.executor.parallel:run_until_complete
[0.244s] INFO:colcon.colcon_ros.task.ament_python.build:Building ROS package in '/home/saito/ros2_ws/src/mypkg' with build type 'ament_python'
[0.244s] Level 1:colcon.colcon_core.shell:create_environment_hook('mypkg', 'ament_prefix_path')
[0.246s] INFO:colcon.colcon_core.plugin_system:Skipping extension 'colcon_core.shell.bat': Not used on non-Windows systems
[0.246s] INFO:colcon.colcon_core.shell:Creating environment hook '/home/saito/ros2_ws/src/mypkg/install/mypkg/share/mypkg/hook/ament_prefix_path.ps1'
[0.253s] INFO:colcon.colcon_core.shell:Creating environment descriptor '/home/saito/ros2_ws/src/mypkg/install/mypkg/share/mypkg/hook/ament_prefix_path.dsv'
[0.253s] INFO:colcon.colcon_core.shell:Creating environment hook '/home/saito/ros2_ws/src/mypkg/install/mypkg/share/mypkg/hook/ament_prefix_path.sh'
[0.254s] INFO:colcon.colcon_core.shell:Skip shell extension 'powershell' for command environment: Not usable outside of PowerShell
[0.254s] DEBUG:colcon.colcon_core.shell:Skip shell extension 'dsv' for command environment
[0.467s] INFO:colcon.colcon_core.task.python.build:Building Python package in '/home/saito/ros2_ws/src/mypkg'
[0.467s] INFO:colcon.colcon_core.shell:Skip shell extension 'powershell' for command environment: Not usable outside of PowerShell
[0.467s] DEBUG:colcon.colcon_core.shell:Skip shell extension 'dsv' for command environment
[0.940s] DEBUG:colcon.colcon_core.event_handler.log_command:Invoking command in '/home/saito/ros2_ws/src/mypkg/build/mypkg': PYTHONPATH=/home/saito/ros2_ws/src/mypkg/build/mypkg/prefix_override:/usr/lib/python3/dist-packages/colcon_core/task/python/colcon_distutils_commands:/home/saito/ros2_ws/src/mypkg/install/mypkg/lib/python3.12/site-packages:${PYTHONPATH} /usr/bin/python3 -W ignore:setup.py install is deprecated -W ignore:easy_install command is deprecated setup.py develop --editable --build-directory /home/saito/ros2_ws/src/mypkg/build/mypkg/build --no-deps symlink_data
[1.451s] Level 1:colcon.colcon_core.shell:create_environment_hook('mypkg', 'pythonpath_develop')
[1.451s] INFO:colcon.colcon_core.shell:Creating environment hook '/home/saito/ros2_ws/src/mypkg/build/mypkg/share/mypkg/hook/pythonpath_develop.ps1'
[1.452s] DEBUG:colcon.colcon_core.event_handler.log_command:Invoked command in '/home/saito/ros2_ws/src/mypkg/build/mypkg' returned '0': PYTHONPATH=/home/saito/ros2_ws/src/mypkg/build/mypkg/prefix_override:/usr/lib/python3/dist-packages/colcon_core/task/python/colcon_distutils_commands:/home/saito/ros2_ws/src/mypkg/install/mypkg/lib/python3.12/site-packages:${PYTHONPATH} /usr/bin/python3 -W ignore:setup.py install is deprecated -W ignore:easy_install command is deprecated setup.py develop --editable --build-directory /home/saito/ros2_ws/src/mypkg/build/mypkg/build --no-deps symlink_data
[1.453s] INFO:colcon.colcon_core.shell:Creating environment descriptor '/home/saito/ros2_ws/src/mypkg/build/mypkg/share/mypkg/hook/pythonpath_develop.dsv'
[1.453s] INFO:colcon.colcon_core.shell:Creating environment hook '/home/saito/ros2_ws/src/mypkg/build/mypkg/share/mypkg/hook/pythonpath_develop.sh'
[1.455s] Level 1:colcon.colcon_core.environment:checking '/home/saito/ros2_ws/src/mypkg/install/mypkg' for CMake module files
[1.455s] Level 1:colcon.colcon_core.environment:checking '/home/saito/ros2_ws/src/mypkg/install/mypkg' for CMake config files
[1.455s] Level 1:colcon.colcon_core.environment:checking '/home/saito/ros2_ws/src/mypkg/install/mypkg/lib'
[1.456s] Level 1:colcon.colcon_core.environment:checking '/home/saito/ros2_ws/src/mypkg/install/mypkg/bin'
[1.456s] Level 1:colcon.colcon_core.environment:checking '/home/saito/ros2_ws/src/mypkg/install/mypkg/lib/pkgconfig/mypkg.pc'
[1.456s] Level 1:colcon.colcon_core.environment:checking '/home/saito/ros2_ws/src/mypkg/install/mypkg/lib/python3.12/site-packages'
[1.456s] Level 1:colcon.colcon_core.shell:create_environment_hook('mypkg', 'pythonpath')
[1.456s] INFO:colcon.colcon_core.shell:Creating environment hook '/home/saito/ros2_ws/src/mypkg/install/mypkg/share/mypkg/hook/pythonpath.ps1'
[1.456s] INFO:colcon.colcon_core.shell:Creating environment descriptor '/home/saito/ros2_ws/src/mypkg/install/mypkg/share/mypkg/hook/pythonpath.dsv'
[1.456s] INFO:colcon.colcon_core.shell:Creating environment hook '/home/saito/ros2_ws/src/mypkg/install/mypkg/share/mypkg/hook/pythonpath.sh'
[1.457s] Level 1:colcon.colcon_core.environment:checking '/home/saito/ros2_ws/src/mypkg/install/mypkg/bin'
[1.457s] Level 1:colcon.colcon_core.environment:create_environment_scripts_only(mypkg)
[1.457s] INFO:colcon.colcon_core.shell:Creating package script '/home/saito/ros2_ws/src/mypkg/install/mypkg/share/mypkg/package.ps1'
[1.458s] INFO:colcon.colcon_core.shell:Creating package descriptor '/home/saito/ros2_ws/src/mypkg/install/mypkg/share/mypkg/package.dsv'
[1.458s] INFO:colcon.colcon_core.shell:Creating package script '/home/saito/ros2_ws/src/mypkg/install/mypkg/share/mypkg/package.sh'
[1.458s] INFO:colcon.colcon_core.shell:Creating package script '/home/saito/ros2_ws/src/mypkg/install/mypkg/share/mypkg/package.bash'
[1.459s] INFO:colcon.colcon_core.shell:Creating package script '/home/saito/ros2_ws/src/mypkg/install/mypkg/share/mypkg/package.zsh'
[1.460s] Level 1:colcon.colcon_core.environment:create_file_with_runtime_dependencies(/home/saito/ros2_ws/src/mypkg/install/mypkg/share/colcon-core/packages/mypkg)
[1.462s] DEBUG:colcon.colcon_parallel_executor.executor.parallel:closing loop
[1.462s] DEBUG:colcon.colcon_parallel_executor.executor.parallel:loop closed
[1.462s] DEBUG:colcon.colcon_parallel_executor.executor.parallel:run_until_complete finished with '0'
[1.462s] DEBUG:colcon.colcon_core.event_reactor:joining thread
[1.932s] INFO:colcon.colcon_core.plugin_system:Skipping extension 'colcon_notification.desktop_notification.notify_send': Could not find 'notify-send'
[1.932s] INFO:colcon.colcon_core.plugin_system:Skipping extension 'colcon_notification.desktop_notification.terminal_notifier': Not used on non-Darwin systems
[1.932s] INFO:colcon.colcon_core.plugin_system:Skipping extension 'colcon_notification.desktop_notification.win32': Not used on non-Windows systems
[1.932s] INFO:colcon.colcon_notification.desktop_notification:Sending desktop notification using 'notify2'
[1.935s] DEBUG:colcon.colcon_notification.desktop_notification.notify2:Failed to initialize notify2: org.freedesktop.DBus.Error.ServiceUnknown: The name org.freedesktop.Notifications was not provided by any .service files
[1.935s] DEBUG:colcon.colcon_core.event_reactor:joined thread
[1.935s] INFO:colcon.colcon_core.shell:Creating prefix script '/home/saito/ros2_ws/src/mypkg/install/local_setup.ps1'
[1.936s] INFO:colcon.colcon_core.shell:Creating prefix util module '/home/saito/ros2_ws/src/mypkg/install/_local_setup_util_ps1.py'
[1.938s] INFO:colcon.colcon_core.shell:Creating prefix chain script '/home/saito/ros2_ws/src/mypkg/install/setup.ps1'
[1.939s] INFO:colcon.colcon_core.shell:Creating prefix script '/home/saito/ros2_ws/src/mypkg/install/local_setup.sh'
[1.939s] INFO:colcon.colcon_core.shell:Creating prefix util module '/home/saito/ros2_ws/src/mypkg/install/_local_setup_util_sh.py'
[1.940s] INFO:colcon.colcon_core.shell:Creating prefix chain script '/home/saito/ros2_ws/src/mypkg/install/setup.sh'
[1.941s] INFO:colcon.colcon_core.shell:Creating prefix script '/home/saito/ros2_ws/src/mypkg/install/local_setup.bash'
[1.941s] INFO:colcon.colcon_core.shell:Creating prefix chain script '/home/saito/ros2_ws/src/mypkg/install/setup.bash'
[1.942s] INFO:colcon.colcon_core.shell:Creating prefix script '/home/saito/ros2_ws/src/mypkg/install/local_setup.zsh'
[1.942s] INFO:colcon.colcon_core.shell:Creating prefix chain script '/home/saito/ros2_ws/src/mypkg/install/setup.zsh'
